/opt/miniforge3/envs/sam3ju/lib/python3.12/site-packages/timm/models/layers/__init__.py:49: FutureWarning: Importing from timm.models.layers is deprecated, please import via timm.layers
  warnings.warn(f"Importing from {__name__} is deprecated, please import via timm.layers", FutureWarning)
Traceback (most recent call last):
  File "/home/hensemberk/dev/ia_project/infer_single.py", line 26, in <module>
    model = build_sam3_image_model(
            ^^^^^^^^^^^^^^^^^^^^^^^
  File "/home/hensemberk/dev/ia_project/sam3/sam3/model_builder.py", line 649, in build_sam3_image_model
    _load_checkpoint(model, checkpoint_path)
  File "/home/hensemberk/dev/ia_project/sam3/sam3/model_builder.py", line 541, in _load_checkpoint
    with g_pathmgr.open(checkpoint_path, "rb") as f:
         ^^^^^^^^^^^^^^^^^^^^^^^^^^^^^^^^^^^^^
  File "/opt/miniforge3/envs/sam3ju/lib/python3.12/site-packages/iopath/common/file_io.py", line 1062, in open
    bret = handler._open(path, mode, buffering=buffering, **kwargs)  # type: ignore
           ^^^^^^^^^^^^^^^^^^^^^^^^^^^^^^^^^^^^^^^^^^^^^^^^^^^^^^^^
  File "/opt/miniforge3/envs/sam3ju/lib/python3.12/site-packages/iopath/common/file_io.py", line 645, in _open
    return open(  # type: ignore
           ^^^^^^^^^^^^^^^^^^^^^
FileNotFoundError: [Errno 2] No such file or directory: '/home/hensemberk/dev/ia_project/logs/my_experiment/checkpoints/checkpoint_3.pt'
/opt/miniforge3/envs/sam3ju/lib/python3.12/site-packages/timm/models/layers/__init__.py:49: FutureWarning: Importing from timm.models.layers is deprecated, please import via timm.layers
  warnings.warn(f"Importing from {__name__} is deprecated, please import via timm.layers", FutureWarning)
Traceback (most recent call last):
  File "/home/hensemberk/dev/ia_project/infer_single.py", line 26, in <module>
    model = build_sam3_image_model(
            ^^^^^^^^^^^^^^^^^^^^^^^
  File "/home/hensemberk/dev/ia_project/sam3/sam3/model_builder.py", line 649, in build_sam3_image_model
    _load_checkpoint(model, checkpoint_path)
  File "/home/hensemberk/dev/ia_project/sam3/sam3/model_builder.py", line 541, in _load_checkpoint
    with g_pathmgr.open(checkpoint_path, "rb") as f:
         ^^^^^^^^^^^^^^^^^^^^^^^^^^^^^^^^^^^^^
  File "/opt/miniforge3/envs/sam3ju/lib/python3.12/site-packages/iopath/common/file_io.py", line 1062, in open
    bret = handler._open(path, mode, buffering=buffering, **kwargs)  # type: ignore
           ^^^^^^^^^^^^^^^^^^^^^^^^^^^^^^^^^^^^^^^^^^^^^^^^^^^^^^^^
  File "/opt/miniforge3/envs/sam3ju/lib/python3.12/site-packages/iopath/common/file_io.py", line 645, in _open
    return open(  # type: ignore
           ^^^^^^^^^^^^^^^^^^^^^
FileNotFoundError: [Errno 2] No such file or directory: '/home/hensemberk/dev/ia_project/logs/my_experiment/checkpoints/checkpoint_3.pt'
/opt/miniforge3/envs/sam3ju/lib/python3.12/site-packages/timm/models/layers/__init__.py:49: FutureWarning: Importing from timm.models.layers is deprecated, please import via timm.layers
  warnings.warn(f"Importing from {__name__} is deprecated, please import via timm.layers", FutureWarning)
Traceback (most recent call last):
  File "/home/hensemberk/dev/ia_project/infer_single.py", line 26, in <module>
    model = build_sam3_image_model(
            ^^^^^^^^^^^^^^^^^^^^^^^
  File "/home/hensemberk/dev/ia_project/sam3/sam3/model_builder.py", line 649, in build_sam3_image_model
    _load_checkpoint(model, checkpoint_path)
  File "/home/hensemberk/dev/ia_project/sam3/sam3/model_builder.py", line 541, in _load_checkpoint
    with g_pathmgr.open(checkpoint_path, "rb") as f:
         ^^^^^^^^^^^^^^^^^^^^^^^^^^^^^^^^^^^^^
  File "/opt/miniforge3/envs/sam3ju/lib/python3.12/site-packages/iopath/common/file_io.py", line 1062, in open
    bret = handler._open(path, mode, buffering=buffering, **kwargs)  # type: ignore
           ^^^^^^^^^^^^^^^^^^^^^^^^^^^^^^^^^^^^^^^^^^^^^^^^^^^^^^^^
  File "/opt/miniforge3/envs/sam3ju/lib/python3.12/site-packages/iopath/common/file_io.py", line 645, in _open
    return open(  # type: ignore
           ^^^^^^^^^^^^^^^^^^^^^
FileNotFoundError: [Errno 2] No such file or directory: '/home/hensemberk/dev/ia_project/logs/my_experiment/checkpoints/checkpoint_3.pt'
/opt/miniforge3/envs/sam3ju/lib/python3.12/site-packages/timm/models/layers/__init__.py:49: FutureWarning: Importing from timm.models.layers is deprecated, please import via timm.layers
  warnings.warn(f"Importing from {__name__} is deprecated, please import via timm.layers", FutureWarning)
Traceback (most recent call last):
  File "/home/hensemberk/dev/ia_project/infer_single.py", line 26, in <module>
    model = build_sam3_image_model(
            ^^^^^^^^^^^^^^^^^^^^^^^
  File "/home/hensemberk/dev/ia_project/sam3/sam3/model_builder.py", line 649, in build_sam3_image_model
    _load_checkpoint(model, checkpoint_path)
  File "/home/hensemberk/dev/ia_project/sam3/sam3/model_builder.py", line 541, in _load_checkpoint
    with g_pathmgr.open(checkpoint_path, "rb") as f:
         ^^^^^^^^^^^^^^^^^^^^^^^^^^^^^^^^^^^^^
  File "/opt/miniforge3/envs/sam3ju/lib/python3.12/site-packages/iopath/common/file_io.py", line 1062, in open
    bret = handler._open(path, mode, buffering=buffering, **kwargs)  # type: ignore
           ^^^^^^^^^^^^^^^^^^^^^^^^^^^^^^^^^^^^^^^^^^^^^^^^^^^^^^^^
  File "/opt/miniforge3/envs/sam3ju/lib/python3.12/site-packages/iopath/common/file_io.py", line 645, in _open
    return open(  # type: ignore
           ^^^^^^^^^^^^^^^^^^^^^
FileNotFoundError: [Errno 2] No such file or directory: '/home/hensemberk/dev/ia_project/logs/my_experiment/checkpoints/checkpoint_3.pt'
/opt/miniforge3/envs/sam3ju/lib/python3.12/site-packages/timm/models/layers/__init__.py:49: FutureWarning: Importing from timm.models.layers is deprecated, please import via timm.layers
  warnings.warn(f"Importing from {__name__} is deprecated, please import via timm.layers", FutureWarning)
[2026-05-12T17:50:04.741] error: *** JOB 8475 ON cvail-01 CANCELLED AT 2026-05-12T17:50:04 DUE to SIGNAL Terminated ***
